<?xml version="1.0" encoding="UTF-8" ?>
<testsuite tests="10" failures="0" name="com.mycompany.app.AppTest" time="0.256" errors="0" skipped="0">
  <properties>
[...]
</properties>
  <testcase classname="com.mycompany.app.AppTest" name="checkNullElement" time="0.019"/>
  <testcase classname="com.mycompany.app.AppTest" name="checkMaxMinValue" time="0.009"/>
  <testcase classname="com.mycompany.app.AppTest" name="TakeLoan" time="0.075"/>
  <testcase classname="com.mycompany.app.AppTest" name="checkOnlyOneElement" time="0.001"/>
  <testcase classname="com.mycompany.app.AppTest" name="testCorrectAnswer" time="0.004"/>
  <testcase classname="com.mycompany.app.AppTest" name="DisplayAllPersonsData" time="0.047"/>
  <testcase classname="com.mycompany.app.AppTest" name="testWithNegativeNumbers" time="0.082"/>
  <testcase classname="com.mycompany.app.AppTest" name="checkZeroValue" time="0.013"/>
  <testcase classname="com.mycompany.app.AppTest" name="ConfirmPersonIsDead" time="0.003"/>
  <testcase classname="com.mycompany.app.AppTest" name="sameDistance" time="0.003"/>
</testsuite>